[2026-01-18 03:23:53] 警告 (D:\新しいフォルダー\新しいフォルダー\pic\VRChat_2026-01-17_02-06-43.942_3840x2160.png): ワールドIDが見つかりません（日時のみ表示）
[2026-01-18 03:23:59] 処理完了: D:\新しいフォルダー\新しいフォルダー\pic\VRChat_2026-01-17_02-06-43.942_3840x2160.png
[2026-01-18 03:23:59] 警告 (D:\新しいフォルダー\新しいフォルダー\pic\com.oculus.shellenv-20220305-230136.jpg): ワールドIDが見つかりません（日時のみ表示）
[2026-01-18 03:23:59] 処理完了: D:\新しいフォルダー\新しいフォルダー\pic\com.oculus.shellenv-20220305-230136.jpg
[2026-01-18 03:23:59] 警告 (D:\新しいフォルダー\新しいフォルダー\pic\com.vrchat.oculus.quest-20220305-233502.jpg): ワールドIDが見つかりません（日時のみ表示）
[2026-01-18 03:23:59] 処理完了: D:\新しいフォルダー\新しいフォルダー\pic\com.vrchat.oculus.quest-20220305-233502.jpg
[2026-01-18 03:23:59] 警告 (D:\新しいフォルダー\新しいフォルダー\pic\jp.virtualcast.virtualcast.oculusquest-20211125-172536.jpg): ワールドIDが見つかりません（日時のみ表示）
[2026-01-18 03:23:59] 処理完了: D:\新しいフォルダー\新しいフォルダー\pic\jp.virtualcast.virtualcast.oculusquest-20211125-172536.jpg
[2026-01-18 03:23:59] 警告 (D:\新しいフォルダー\新しいフォルダー\pic\VRChat_1920x1080_2021-11-25_15-42-56.945.webp): ワールドIDが見つかりません（日時のみ表示）
[2026-01-18 03:24:00] 処理完了: D:\新しいフォルダー\新しいフォルダー\pic\VRChat_1920x1080_2021-11-25_15-42-56.945.webp
[2026-01-18 03:24:00] 警告 (D:\新しいフォルダー\新しいフォルダー\pic\VRChat_1920x1080_2022-02-28_23-43-12.193.webp): ワールドIDが見つかりません（日時のみ表示）
[2026-01-18 03:24:03] 処理完了: D:\新しいフォルダー\新しいフォルダー\pic\VRChat_1920x1080_2022-02-28_23-43-12.193.webp
[2026-01-18 03:24:09] 処理完了: D:\新しいフォルダー\新しいフォルダー\pic\VRChat_2026-01-03_15-13-33.890_3840x2160.webp
[2026-01-18 03:24:09] D:\新しいフォルダー\新しいフォルダー\pic\VRChat_2026-01-15_00-47-08.287_2048x1440.webp: 2048x1440画像のため撮影者・ワールド名・撮影日を記載しません
[2026-01-18 03:24:09] 処理完了: D:\新しいフォルダー\新しいフォルダー\pic\VRChat_2026-01-15_00-47-08.287_2048x1440.webp
[2026-01-18 03:24:09] 警告 (D:\新しいフォルダー\新しいフォルダー\pic\VRChat_2026-01-15_22-51-46.112_3840x2160_Player.webp): ワールドIDが見つかりません（日時のみ表示）
[2026-01-18 03:24:11] 処理完了: D:\新しいフォルダー\新しいフォルダー\pic\VRChat_2026-01-15_22-51-46.112_3840x2160_Player.webp
[2026-01-18 03:29:22] 警告 (pic/VRChat_1920x1080_2021-11-25_15-42-56.945.webp): ワールドIDが見つかりません（日時のみ表示）
[2026-01-18 03:29:23] 処理完了: pic/VRChat_1920x1080_2021-11-25_15-42-56.945.webp
[2026-01-18 03:30:11] 警告 (D:\新しいフォルダー\新しいフォルダー\pic\com.oculus.shellenv-20220305-230136.jpg): ワールドIDが見つかりません（日時のみ表示）
[2026-01-18 03:30:11] 処理完了: D:\新しいフォルダー\新しいフォルダー\pic\com.oculus.shellenv-20220305-230136.jpg
[2026-01-18 03:30:11] 警告 (D:\新しいフォルダー\新しいフォルダー\pic\com.vrchat.oculus.quest-20220305-233502.jpg): ワールドIDが見つかりません（日時のみ表示）
[2026-01-18 03:30:11] 処理完了: D:\新しいフォルダー\新しいフォルダー\pic\com.vrchat.oculus.quest-20220305-233502.jpg
[2026-01-18 03:30:11] 警告 (D:\新しいフォルダー\新しいフォルダー\pic\jp.virtualcast.virtualcast.oculusquest-20211125-172536.jpg): ワールドIDが見つかりません（日時のみ表示）
[2026-01-18 03:30:11] 処理完了: D:\新しいフォルダー\新しいフォルダー\pic\jp.virtualcast.virtualcast.oculusquest-20211125-172536.jpg
[2026-01-18 03:30:11] 警告 (D:\新しいフォルダー\新しいフォルダー\pic\VRChat_1920x1080_2021-11-25_15-42-56.945.webp): ワールドIDが見つかりません（日時のみ表示）
[2026-01-18 03:30:12] 処理完了: D:\新しいフォルダー\新しいフォルダー\pic\VRChat_1920x1080_2021-11-25_15-42-56.945.webp
[2026-01-18 03:30:12] 警告 (D:\新しいフォルダー\新しいフォルダー\pic\VRChat_1920x1080_2022-02-28_23-43-12.193.webp): ワールドIDが見つかりません（日時のみ表示）
[2026-01-18 03:30:14] 処理完了: D:\新しいフォルダー\新しいフォルダー\pic\VRChat_1920x1080_2022-02-28_23-43-12.193.webp
[2026-01-18 03:30:19] 処理完了: D:\新しいフォルダー\新しいフォルダー\pic\VRChat_2026-01-03_15-13-33.890_3840x2160.webp
[2026-01-18 03:30:19] D:\新しいフォルダー\新しいフォルダー\pic\VRChat_2026-01-15_00-47-08.287_2048x1440.webp: 2048x1440画像のため撮影者・ワールド名・撮影日を記載しません
[2026-01-18 03:30:20] 処理完了: D:\新しいフォルダー\新しいフォルダー\pic\VRChat_2026-01-15_00-47-08.287_2048x1440.webp
[2026-01-18 03:30:20] 警告 (D:\新しいフォルダー\新しいフォルダー\pic\VRChat_2026-01-15_22-51-46.112_3840x2160_Player.webp): ワールドIDが見つかりません（日時のみ表示）
[2026-01-18 03:30:21] 処理完了: D:\新しいフォルダー\新しいフォルダー\pic\VRChat_2026-01-15_22-51-46.112_3840x2160_Player.webp
[2026-01-18 03:30:21] 警告 (D:\新しいフォルダー\新しいフォルダー\pic\VRChat_2026-01-17_02-06-43.942_3840x2160.png): ワールドIDが見つかりません（日時のみ表示）
[2026-01-18 03:30:27] 処理完了: D:\新しいフォルダー\新しいフォルダー\pic\VRChat_2026-01-17_02-06-43.942_3840x2160.png
[2026-01-18 03:34:22] 警告 (D:\新しいフォルダー\新しいフォルダー\pic\com.oculus.shellenv-20220305-230136.jpg): ワールドIDが見つかりません（日時のみ表示）
[2026-01-18 03:34:22] 処理完了: D:\新しいフォルダー\新しいフォルダー\pic\com.oculus.shellenv-20220305-230136.jpg
[2026-01-18 03:34:57] 警告 (D:\新しいフォルダー\新しいフォルダー\pic\com.oculus.shellenv-20220305-230136.jpg): ワールドIDが見つかりません（日時のみ表示）
[2026-01-18 03:34:57] 処理完了: D:\新しいフォルダー\新しいフォルダー\pic\com.oculus.shellenv-20220305-230136.jpg
[2026-01-18 03:34:57] 警告 (D:\新しいフォルダー\新しいフォルダー\pic\com.vrchat.oculus.quest-20220305-233502.jpg): ワールドIDが見つかりません（日時のみ表示）
[2026-01-18 03:34:57] 処理完了: D:\新しいフォルダー\新しいフォルダー\pic\com.vrchat.oculus.quest-20220305-233502.jpg
[2026-01-18 03:34:57] 警告 (D:\新しいフォルダー\新しいフォルダー\pic\jp.virtualcast.virtualcast.oculusquest-20211125-172536.jpg): ワールドIDが見つかりません（日時のみ表示）
[2026-01-18 03:34:57] 処理完了: D:\新しいフォルダー\新しいフォルダー\pic\jp.virtualcast.virtualcast.oculusquest-20211125-172536.jpg
[2026-01-18 03:34:57] 警告 (D:\新しいフォルダー\新しいフォルダー\pic\VRChat_1920x1080_2021-11-25_15-42-56.945.webp): ワールドIDが見つかりません（日時のみ表示）
[2026-01-18 03:34:58] 処理完了: D:\新しいフォルダー\新しいフォルダー\pic\VRChat_1920x1080_2021-11-25_15-42-56.945.webp
[2026-01-18 03:34:58] 警告 (D:\新しいフォルダー\新しいフォルダー\pic\VRChat_1920x1080_2022-02-28_23-43-12.193.webp): ワールドIDが見つかりません（日時のみ表示）
[2026-01-18 03:35:00] 処理完了: D:\新しいフォルダー\新しいフォルダー\pic\VRChat_1920x1080_2022-02-28_23-43-12.193.webp
[2026-01-18 03:35:06] 処理完了: D:\新しいフォルダー\新しいフォルダー\pic\VRChat_2026-01-03_15-13-33.890_3840x2160.webp
[2026-01-18 03:35:06] D:\新しいフォルダー\新しいフォルダー\pic\VRChat_2026-01-15_00-47-08.287_2048x1440.webp: 2048x1440画像のため撮影者・ワールド名・撮影日を記載しません
[2026-01-18 03:35:06] 処理完了: D:\新しいフォルダー\新しいフォルダー\pic\VRChat_2026-01-15_00-47-08.287_2048x1440.webp
[2026-01-18 03:35:06] 警告 (D:\新しいフォルダー\新しいフォルダー\pic\VRChat_2026-01-15_22-51-46.112_3840x2160_Player.webp): ワールドIDが見つかりません（日時のみ表示）
[2026-01-18 03:35:08] 処理完了: D:\新しいフォルダー\新しいフォルダー\pic\VRChat_2026-01-15_22-51-46.112_3840x2160_Player.webp
[2026-01-18 03:35:08] 警告 (D:\新しいフォルダー\新しいフォルダー\pic\VRChat_2026-01-17_02-06-43.942_3840x2160.png): ワールドIDが見つかりません（日時のみ表示）
[2026-01-18 03:35:13] 処理完了: D:\新しいフォルダー\新しいフォルダー\pic\VRChat_2026-01-17_02-06-43.942_3840x2160.png
[2026-01-18 03:39:15] 警告 (pic/VRChat_1920x1080_2021-11-25_15-42-56.945.webp): ワールドIDが見つかりません（日時のみ表示）
[2026-01-18 03:39:16] 処理完了: pic/VRChat_1920x1080_2021-11-25_15-42-56.945.webp
[2026-01-18 03:40:01] 警告 (D:\新しいフォルダー\新しいフォルダー\pic\com.oculus.shellenv-20220305-230136.jpg): ワールドIDが見つかりません（日時のみ表示）
[2026-01-18 03:40:01] 処理完了: D:\新しいフォルダー\新しいフォルダー\pic\com.oculus.shellenv-20220305-230136.jpg
[2026-01-18 03:40:01] 警告 (D:\新しいフォルダー\新しいフォルダー\pic\com.vrchat.oculus.quest-20220305-233502.jpg): ワールドIDが見つかりません（日時のみ表示）
[2026-01-18 03:40:02] 処理完了: D:\新しいフォルダー\新しいフォルダー\pic\com.vrchat.oculus.quest-20220305-233502.jpg
[2026-01-18 03:40:02] 警告 (D:\新しいフォルダー\新しいフォルダー\pic\jp.virtualcast.virtualcast.oculusquest-20211125-172536.jpg): ワールドIDが見つかりません（日時のみ表示）
[2026-01-18 03:40:02] 処理完了: D:\新しいフォルダー\新しいフォルダー\pic\jp.virtualcast.virtualcast.oculusquest-20211125-172536.jpg
[2026-01-18 03:40:02] 警告 (D:\新しいフォルダー\新しいフォルダー\pic\VRChat_1920x1080_2021-11-25_15-42-56.945.webp): ワールドIDが見つかりません（日時のみ表示）
[2026-01-18 03:40:03] 処理完了: D:\新しいフォルダー\新しいフォルダー\pic\VRChat_1920x1080_2021-11-25_15-42-56.945.webp
[2026-01-18 03:40:03] 警告 (D:\新しいフォルダー\新しいフォルダー\pic\VRChat_1920x1080_2022-02-28_23-43-12.193.webp): ワールドIDが見つかりません（日時のみ表示）
[2026-01-18 03:40:04] 処理完了: D:\新しいフォルダー\新しいフォルダー\pic\VRChat_1920x1080_2022-02-28_23-43-12.193.webp
[2026-01-18 03:40:12] 処理完了: D:\新しいフォルダー\新しいフォルダー\pic\VRChat_2026-01-03_15-13-33.890_3840x2160.webp
[2026-01-18 03:40:12] D:\新しいフォルダー\新しいフォルダー\pic\VRChat_2026-01-15_00-47-08.287_2048x1440.webp: 2048x1440画像のため撮影者・ワールド名・撮影日を記載しません
[2026-01-18 03:40:13] 処理完了: D:\新しいフォルダー\新しいフォルダー\pic\VRChat_2026-01-15_00-47-08.287_2048x1440.webp
[2026-01-18 03:40:13] 警告 (D:\新しいフォルダー\新しいフォルダー\pic\VRChat_2026-01-15_22-51-46.112_3840x2160_Player.webp): ワールドIDが見つかりません（日時のみ表示）
[2026-01-18 03:40:16] 処理完了: D:\新しいフォルダー\新しいフォルダー\pic\VRChat_2026-01-15_22-51-46.112_3840x2160_Player.webp
[2026-01-18 03:40:16] 警告 (D:\新しいフォルダー\新しいフォルダー\pic\VRChat_2026-01-17_02-06-43.942_3840x2160.png): ワールドIDが見つかりません（日時のみ表示）
[2026-01-18 03:40:23] 処理完了: D:\新しいフォルダー\新しいフォルダー\pic\VRChat_2026-01-17_02-06-43.942_3840x2160.png
[2026-01-18 03:42:56] 処理完了: pic/VRChat_2026-01-03_15-13-33.890_3840x2160.webp
